<testsuites id="" name="" tests="1" failures="0" skipped="0" errors="0" time="67.328115">
<testsuite name="tests\Module5\amazon.test.ts" timestamp="2025-05-04T16:44:10.644Z" hostname="chromium" tests="1" failures="0" skipped="0" time="63.336" errors="0">
<testcase name="amazon" classname="tests\Module5\amazon.test.ts" time="63.336">
<system-out>
<![CDATA[1 Fresh
2 MX Player
3 Sell
4 Bestsellers
5 Today's Deals
6 Mobiles
7 Prime
8 Fashion
9 Customer Service
10 New Releases
11 Electronics
12 Home & Kitchen
13 Amazon Pay
14 Computers
15 Books
16 Car & Motorbike
17 Toys & Games
18 Beauty & Personal Care
19 Home Improvement
20 Gift Cards
21 Health, Household & Personal Care
22 Grocery & Gourmet Foods
23 Sports, Fitness & Outdoors
24 Custom Products
25 Baby
26 Pet Supplies
27 Video Games
28 Gift Ideas
29 AmazonBasics
30 Audible
31 Subscribe & Save
32 Kindle eBooks
Online Shopping site in India: Shop Online for Mobiles, Books, Watches, Shoes and More - Amazon.in
Amazon.in : diapers small size 4-8 kg


[[ATTACHMENT|test-results\tests-Module5-amazon-amazon-chromium\trace.zip]]
]]>
</system-out>
</testcase>
</testsuite>
</testsuites>